<?xml version="1.0" encoding="UTF-8"?>
<!-- Generated by org.testng.reporters.JUnitXMLReporter -->
<testsuite hostname="LAPTOP-P8PITMUG" ignored="0" name="Surefire test" tests="2" failures="0" timestamp="2020-04-05T17:38:54 EDT" time="33.229" errors="0">
  <testcase name="knowledgeCentrePageFunctionalityPage" time="3.244" classname="testCases.T03_knowledgeFunctionalityTest"/>
  <testcase name="qaOutsourcePage" time="1.627" classname="testCases.T04_qaOutsourcePageTest"/>
</testsuite> <!-- Surefire test -->
