<?xml version="1.0" encoding="UTF-8"?>
<!-- Generated by org.testng.reporters.JUnitXMLReporter -->
<testsuite hostname="LAPTOP-P8PITMUG" ignored="0" name="Test" tests="4" failures="0" timestamp="2020-04-05T17:31:29 EDT" time="86.786" errors="0">
  <testcase name="qaPageFunctionalityTest" time="7.369" classname="testCases.T02_qaServicePageFunctionality"/>
  <testcase name="homePageValidation" time="5.034" classname="testCases.T01_homePageValidation"/>
  <testcase name="qaOutsourcePage" time="1.701" classname="testCases.T04_qaOutsourcePageTest"/>
  <testcase name="knowledgeCentrePageFunctionalityPage" time="20.901" classname="testCases.T03_knowledgeFunctionalityTest"/>
</testsuite> <!-- Test -->
