<?xml version="1.0" encoding="UTF-8"?>
<testng-results skipped="0" failed="1" ignored="0" total="5" passed="4">
  <reporter-output>
  </reporter-output>
  <suite name="Surefire suite" duration-ms="70199" started-at="2020-05-27T16:57:11 EDT" finished-at="2020-05-27T16:58:21 EDT">
    <groups>
    </groups>
    <test name="Surefire test" duration-ms="70199" started-at="2020-05-27T16:57:11 EDT" finished-at="2020-05-27T16:58:21 EDT">
      <class name="testCases.T02_qaServicePageFunctionalityTest">
        <test-method status="PASS" signature="browsersetUp()[pri:0, instance:testCases.T02_qaServicePageFunctionalityTest@31a5c39e]" name="browsersetUp" is-config="true" duration-ms="5182" started-at="2020-05-27T16:57:26 EDT" finished-at="2020-05-27T16:57:31 EDT">
          <reporter-output>
          </reporter-output>
        </test-method> <!-- browsersetUp -->
        <test-method status="PASS" signature="qaPageFunctionalityTest()[pri:0, instance:testCases.T02_qaServicePageFunctionalityTest@31a5c39e]" name="qaPageFunctionalityTest" duration-ms="10201" started-at="2020-05-27T16:57:31 EDT" finished-at="2020-05-27T16:57:41 EDT">
          <reporter-output>
          </reporter-output>
        </test-method> <!-- qaPageFunctionalityTest -->
        <test-method status="PASS" signature="tearDown()[pri:0, instance:testCases.T02_qaServicePageFunctionalityTest@31a5c39e]" name="tearDown" is-config="true" duration-ms="2050" started-at="2020-05-27T16:57:41 EDT" finished-at="2020-05-27T16:57:43 EDT">
          <reporter-output>
          </reporter-output>
        </test-method> <!-- tearDown -->
      </class> <!-- testCases.T02_qaServicePageFunctionalityTest -->
      <class name="testCases.T04_qaOutsourcePageTest">
        <test-method status="PASS" signature="browsersetUp()[pri:0, instance:testCases.T04_qaOutsourcePageTest@1e397ed7]" name="browsersetUp" is-config="true" duration-ms="5183" started-at="2020-05-27T16:57:52 EDT" finished-at="2020-05-27T16:57:57 EDT">
          <reporter-output>
          </reporter-output>
        </test-method> <!-- browsersetUp -->
        <test-method status="PASS" signature="qaOutsourcePage()[pri:0, instance:testCases.T04_qaOutsourcePageTest@1e397ed7]" name="qaOutsourcePage" duration-ms="2739" started-at="2020-05-27T16:57:57 EDT" finished-at="2020-05-27T16:58:00 EDT">
          <reporter-output>
          </reporter-output>
        </test-method> <!-- qaOutsourcePage -->
        <test-method status="PASS" signature="tearDown()[pri:0, instance:testCases.T04_qaOutsourcePageTest@1e397ed7]" name="tearDown" is-config="true" duration-ms="3055" started-at="2020-05-27T16:58:00 EDT" finished-at="2020-05-27T16:58:03 EDT">
          <reporter-output>
          </reporter-output>
        </test-method> <!-- tearDown -->
      </class> <!-- testCases.T04_qaOutsourcePageTest -->
      <class name="testCases.T01_homePageValidationTest">
        <test-method status="PASS" signature="browsersetUp()[pri:0, instance:testCases.T01_homePageValidationTest@5f2108b5]" name="browsersetUp" is-config="true" duration-ms="5686" started-at="2020-05-27T16:57:11 EDT" finished-at="2020-05-27T16:57:17 EDT">
          <reporter-output>
          </reporter-output>
        </test-method> <!-- browsersetUp -->
        <test-method status="PASS" signature="homePageValidation()[pri:0, instance:testCases.T01_homePageValidationTest@5f2108b5]" name="homePageValidation" duration-ms="6210" started-at="2020-05-27T16:57:17 EDT" finished-at="2020-05-27T16:57:23 EDT">
          <reporter-output>
          </reporter-output>
        </test-method> <!-- homePageValidation -->
        <test-method status="PASS" signature="tearDown()[pri:0, instance:testCases.T01_homePageValidationTest@5f2108b5]" name="tearDown" is-config="true" duration-ms="3061" started-at="2020-05-27T16:57:23 EDT" finished-at="2020-05-27T16:57:26 EDT">
          <reporter-output>
          </reporter-output>
        </test-method> <!-- tearDown -->
      </class> <!-- testCases.T01_homePageValidationTest -->
      <class name="testCases.T05_facebookLogInTest">
        <test-method status="PASS" signature="browsersetUp()[pri:0, instance:testCases.T05_facebookLogInTest@490ab905]" name="browsersetUp" is-config="true" duration-ms="5204" started-at="2020-05-27T16:58:03 EDT" finished-at="2020-05-27T16:58:08 EDT">
          <reporter-output>
          </reporter-output>
        </test-method> <!-- browsersetUp -->
        <test-method status="FAIL" signature="facebookLogIn()[pri:0, instance:testCases.T05_facebookLogInTest@490ab905]" name="facebookLogIn" duration-ms="5262" started-at="2020-05-27T16:58:08 EDT" finished-at="2020-05-27T16:58:14 EDT">
          <exception class="org.openqa.selenium.NoSuchElementException">
            <message>
              <![CDATA[no such element: Unable to locate element: {"method":"css selector","selector":"#u_0_a"}
  (Session info: chrome=83.0.4103.61)
For documentation on this error, please visit: https://www.seleniumhq.org/exceptions/no_such_element.html
Build info: version: '3.141.59', revision: 'e82be7d358', time: '2018-11-14T08:17:03'
System info: host: 'LAPTOP-P8PITMUG', ip: '192.168.0.16', os.name: 'Windows 10', os.arch: 'amd64', os.version: '10.0', java.version: '1.8.0_241'
Driver info: org.openqa.selenium.chrome.ChromeDriver
Capabilities {acceptInsecureCerts: false, browserName: chrome, browserVersion: 83.0.4103.61, chrome: {chromedriverVersion: 83.0.4103.39 (ccbf011cb2d2b..., userDataDir: C:\Users\hasna\AppData\Loca...}, goog:chromeOptions: {debuggerAddress: localhost:61658}, javascriptEnabled: true, networkConnectionEnabled: false, pageLoadStrategy: normal, platform: WINDOWS, platformName: WINDOWS, proxy: Proxy(), setWindowRect: true, strictFileInteractability: false, timeouts: {implicit: 0, pageLoad: 300000, script: 30000}, unhandledPromptBehavior: dismiss and notify, webauthn:virtualAuthenticators: true}
Session ID: 37d5eeda6a650f13c56243bb3063da7e
*** Element info: {Using=id, value=u_0_a}]]>
            </message>
            <full-stacktrace>
              <![CDATA[org.openqa.selenium.NoSuchElementException: no such element: Unable to locate element: {"method":"css selector","selector":"#u_0_a"}
  (Session info: chrome=83.0.4103.61)
For documentation on this error, please visit: https://www.seleniumhq.org/exceptions/no_such_element.html
Build info: version: '3.141.59', revision: 'e82be7d358', time: '2018-11-14T08:17:03'
System info: host: 'LAPTOP-P8PITMUG', ip: '192.168.0.16', os.name: 'Windows 10', os.arch: 'amd64', os.version: '10.0', java.version: '1.8.0_241'
Driver info: org.openqa.selenium.chrome.ChromeDriver
Capabilities {acceptInsecureCerts: false, browserName: chrome, browserVersion: 83.0.4103.61, chrome: {chromedriverVersion: 83.0.4103.39 (ccbf011cb2d2b..., userDataDir: C:\Users\hasna\AppData\Loca...}, goog:chromeOptions: {debuggerAddress: localhost:61658}, javascriptEnabled: true, networkConnectionEnabled: false, pageLoadStrategy: normal, platform: WINDOWS, platformName: WINDOWS, proxy: Proxy(), setWindowRect: true, strictFileInteractability: false, timeouts: {implicit: 0, pageLoad: 300000, script: 30000}, unhandledPromptBehavior: dismiss and notify, webauthn:virtualAuthenticators: true}
Session ID: 37d5eeda6a650f13c56243bb3063da7e
*** Element info: {Using=id, value=u_0_a}
at sun.reflect.NativeConstructorAccessorImpl.newInstance0(Native Method)
at sun.reflect.NativeConstructorAccessorImpl.newInstance(NativeConstructorAccessorImpl.java:62)
at sun.reflect.DelegatingConstructorAccessorImpl.newInstance(DelegatingConstructorAccessorImpl.java:45)
at java.lang.reflect.Constructor.newInstance(Constructor.java:423)
at org.openqa.selenium.remote.http.W3CHttpResponseCodec.createException(W3CHttpResponseCodec.java:187)
at org.openqa.selenium.remote.http.W3CHttpResponseCodec.decode(W3CHttpResponseCodec.java:122)
at org.openqa.selenium.remote.http.W3CHttpResponseCodec.decode(W3CHttpResponseCodec.java:49)
at org.openqa.selenium.remote.HttpCommandExecutor.execute(HttpCommandExecutor.java:158)
at org.openqa.selenium.remote.service.DriverCommandExecutor.execute(DriverCommandExecutor.java:83)
at org.openqa.selenium.remote.RemoteWebDriver.execute(RemoteWebDriver.java:552)
at org.openqa.selenium.remote.RemoteWebDriver.findElement(RemoteWebDriver.java:323)
at org.openqa.selenium.remote.RemoteWebDriver.findElementById(RemoteWebDriver.java:372)
at org.openqa.selenium.By$ById.findElement(By.java:188)
at org.openqa.selenium.remote.RemoteWebDriver.findElement(RemoteWebDriver.java:315)
at testCases.T05_facebookLogInTest.facebookLogIn(T05_facebookLogInTest.java:48)
at sun.reflect.NativeMethodAccessorImpl.invoke0(Native Method)
at sun.reflect.NativeMethodAccessorImpl.invoke(NativeMethodAccessorImpl.java:62)
at sun.reflect.DelegatingMethodAccessorImpl.invoke(DelegatingMethodAccessorImpl.java:43)
at java.lang.reflect.Method.invoke(Method.java:498)
at org.testng.internal.MethodInvocationHelper.invokeMethod(MethodInvocationHelper.java:133)
at org.testng.internal.TestInvoker.invokeMethod(TestInvoker.java:584)
at org.testng.internal.TestInvoker.invokeTestMethod(TestInvoker.java:172)
at org.testng.internal.MethodRunner.runInSequence(MethodRunner.java:46)
at org.testng.internal.TestInvoker$MethodInvocationAgent.invoke(TestInvoker.java:804)
at org.testng.internal.TestInvoker.invokeTestMethods(TestInvoker.java:145)
at org.testng.internal.TestMethodWorker.invokeTestMethods(TestMethodWorker.java:146)
at org.testng.internal.TestMethodWorker.run(TestMethodWorker.java:128)
at java.util.ArrayList.forEach(ArrayList.java:1257)
at org.testng.TestRunner.privateRun(TestRunner.java:770)
at org.testng.TestRunner.run(TestRunner.java:591)
at org.testng.SuiteRunner.runTest(SuiteRunner.java:402)
at org.testng.SuiteRunner.runSequentially(SuiteRunner.java:396)
at org.testng.SuiteRunner.privateRun(SuiteRunner.java:355)
at org.testng.SuiteRunner.run(SuiteRunner.java:304)
at org.testng.SuiteRunnerWorker.runSuite(SuiteRunnerWorker.java:53)
at org.testng.SuiteRunnerWorker.run(SuiteRunnerWorker.java:96)
at org.testng.TestNG.runSuitesSequentially(TestNG.java:1180)
at org.testng.TestNG.runSuitesLocally(TestNG.java:1102)
at org.testng.TestNG.runSuites(TestNG.java:1032)
at org.testng.TestNG.run(TestNG.java:1000)
at org.apache.maven.surefire.testng.TestNGExecutor.run(TestNGExecutor.java:135)
at org.apache.maven.surefire.testng.TestNGDirectoryTestSuite.executeMulti(TestNGDirectoryTestSuite.java:193)
at org.apache.maven.surefire.testng.TestNGDirectoryTestSuite.execute(TestNGDirectoryTestSuite.java:94)
at org.apache.maven.surefire.testng.TestNGProvider.invoke(TestNGProvider.java:146)
at org.apache.maven.surefire.booter.ForkedBooter.invokeProviderInSameClassLoader(ForkedBooter.java:384)
at org.apache.maven.surefire.booter.ForkedBooter.runSuitesInProcess(ForkedBooter.java:345)
at org.apache.maven.surefire.booter.ForkedBooter.execute(ForkedBooter.java:126)
at org.apache.maven.surefire.booter.ForkedBooter.main(ForkedBooter.java:418)
]]>
            </full-stacktrace>
          </exception> <!-- org.openqa.selenium.NoSuchElementException -->
          <reporter-output>
          </reporter-output>
        </test-method> <!-- facebookLogIn -->
        <test-method status="PASS" signature="tearDown()[pri:0, instance:testCases.T05_facebookLogInTest@490ab905]" name="tearDown" is-config="true" duration-ms="7313" started-at="2020-05-27T16:58:14 EDT" finished-at="2020-05-27T16:58:21 EDT">
          <reporter-output>
          </reporter-output>
        </test-method> <!-- tearDown -->
      </class> <!-- testCases.T05_facebookLogInTest -->
      <class name="testCases.T03_knowledgeFunctionalityTest">
        <test-method status="PASS" signature="setUpBrowser()[pri:0, instance:testCases.T03_knowledgeFunctionalityTest@3f49dace]" name="setUpBrowser" is-config="true" duration-ms="5193" started-at="2020-05-27T16:57:43 EDT" finished-at="2020-05-27T16:57:48 EDT">
          <reporter-output>
          </reporter-output>
        </test-method> <!-- setUpBrowser -->
        <test-method status="PASS" signature="knowledgeCentrePageFunctionalityPage()[pri:0, instance:testCases.T03_knowledgeFunctionalityTest@3f49dace]" name="knowledgeCentrePageFunctionalityPage" duration-ms="1760" started-at="2020-05-27T16:57:48 EDT" finished-at="2020-05-27T16:57:50 EDT">
          <reporter-output>
          </reporter-output>
        </test-method> <!-- knowledgeCentrePageFunctionalityPage -->
        <test-method status="PASS" signature="tearDown()[pri:0, instance:testCases.T03_knowledgeFunctionalityTest@3f49dace]" name="tearDown" is-config="true" duration-ms="2051" started-at="2020-05-27T16:57:50 EDT" finished-at="2020-05-27T16:57:52 EDT">
          <reporter-output>
          </reporter-output>
        </test-method> <!-- tearDown -->
      </class> <!-- testCases.T03_knowledgeFunctionalityTest -->
    </test> <!-- Surefire test -->
  </suite> <!-- Surefire suite -->
</testng-results>
