<?xml version="1.0" encoding="UTF-8"?>
<testng-results skipped="0" failed="0" ignored="0" total="1" passed="1">
  <reporter-output>
  </reporter-output>
  <suite name="Default suite" duration-ms="13879" started-at="2020-04-05T19:30:42 EDT" finished-at="2020-04-05T19:30:56 EDT">
    <groups>
    </groups>
    <test name="Default test" duration-ms="13879" started-at="2020-04-05T19:30:42 EDT" finished-at="2020-04-05T19:30:56 EDT">
      <class name="hybridModel.runnerFile">
        <test-method status="PASS" signature="objectRunner()[pri:0, instance:hybridModel.runnerFile@6e6c3152]" name="objectRunner" duration-ms="13847" started-at="2020-04-05T19:30:42 EDT" finished-at="2020-04-05T19:30:56 EDT">
          <reporter-output>
          </reporter-output>
        </test-method> <!-- objectRunner -->
      </class> <!-- hybridModel.runnerFile -->
    </test> <!-- Default test -->
  </suite> <!-- Default suite -->
</testng-results>
